<?xml version="1.0" encoding="UTF-8"?>
<!-- Generated by org.testng.reporters.JUnitReportReporter -->
<testsuite hostname="DESKTOP-M1GS1DE" failures="0" tests="2" name="translink.test" time="16.446" errors="0" timestamp="2020-07-28T00:05:34 EDT" skipped="0">
  <testcase classname="translink.test" name="validatetest" time="10.569"/>
  <testcase classname="translink.test" name="validatetest" time="5.877"/>
</testsuite> <!-- translink.test -->
